<?xml version="1.0" encoding="UTF-8"?>
<!-- Generated by org.testng.reporters.JUnitReportReporter -->
<testsuite hostname="CHN1-LHP-N62807" failures="0" tests="2" name="com.jenkins.LoginApp_Test" time="59.399" errors="0" timestamp="2022-04-13T17:50:08 IST" skipped="0">
  <testcase classname="com.jenkins.LoginApp_Test" name="testlogin" time="57.278"/>
  <system-out/>
  <testcase classname="com.jenkins.LoginApp_Test" name="testlogout" time="2.121"/>
  <system-out/>
</testsuite> <!-- com.jenkins.LoginApp_Test -->
